  [4;36;1mSQL (0.003045)[0m   [0;1mselect sqlite_version(*)[0m
  [4;35;1mSQL (0.002115)[0m   [0mCREATE TABLE schema_info (version integer)[0m
  [4;36;1mSQL (0.001504)[0m   [0;1mINSERT INTO schema_info (version) VALUES(0)[0m
  [4;35;1mSQL (0.000000)[0m   [0mSQLite3::SQLException: table schema_info already exists: CREATE TABLE schema_info (version integer)[0m
  [4;36;1mSQL (0.000307)[0m   [0;1mSELECT version FROM schema_info[0m
Migrating to CreateUsers (1)
  [4;35;1mSQL (0.000000)[0m   [0mSQLite3::SQLException: no such table: users: DROP TABLE users[0m
  [4;36;1mSQL (0.001988)[0m   [0;1mCREATE TABLE users ("id" INTEGER PRIMARY KEY AUTOINCREMENT NOT NULL, "login" varchar(255) DEFAULT NULL, "email" varchar(255) DEFAULT NULL, "crypted_password" varchar(40) DEFAULT NULL, "salt" varchar(40) DEFAULT NULL, "created_at" datetime DEFAULT NULL, "updated_at" datetime DEFAULT NULL, "remember_token" varchar(255) DEFAULT NULL, "remember_token_expires_at" datetime DEFAULT NULL) [0m
  [4;35;1mSQL (0.001505)[0m   [0mUPDATE schema_info SET version = 1[0m
  [4;36;1mSQL (0.000307)[0m   [0;1mSELECT * FROM schema_info[0m
  [4;35;1mSQL (0.000350)[0m   [0m SELECT name
 FROM sqlite_master
 WHERE type = 'table' AND NOT name = 'sqlite_sequence'
[0m
  [4;36;1mSQL (0.000104)[0m   [0;1mPRAGMA index_list(users)[0m


Processing UsersController#new (for 127.0.0.1 at 2008-10-12 23:58:39) [GET]
  Session ID: 613079467719ec1e0aeb6ed5aa207f0f
  Parameters: {"action"=>"new", "controller"=>"users"}
Rendering users/new
Completed in 0.07342 (13 reqs/sec) | Rendering: 0.07106 (96%) | DB: 0.00000 (0%) | 200 OK [http://localhost/signup]
  [4;36;1mSQL (0.001117)[0m   [0;1m SELECT name
 FROM sqlite_master
 WHERE type = 'table' AND NOT name = 'sqlite_sequence'
[0m
  [4;35;1mUser Load (0.000350)[0m   [0mSELECT * FROM users [0m
  [4;36;1mSQL (0.000379)[0m   [0;1mselect sqlite_version(*)[0m
  [4;35;1mSQL (0.000000)[0m   [0mSQLite3::SQLException: table schema_info already exists: CREATE TABLE schema_info (version integer)[0m
  [4;36;1mSQL (0.000000)[0m   [0;1mSQLite3::SQLException: table schema_info already exists: CREATE TABLE schema_info (version integer)[0m
  [4;35;1mSQL (0.000257)[0m   [0mSELECT version FROM schema_info[0m
  [4;36;1mSQL (0.000207)[0m   [0;1mSELECT version FROM schema_info[0m
Migrating to CreateOrganization (2)
  [4;35;1mSQL (0.002123)[0m   [0mALTER TABLE users ADD "org" varchar(255)[0m
  [4;36;1mSQL (0.039146)[0m   [0;1mVACUUM[0m
  [4;35;1mSQL (0.001888)[0m   [0mUPDATE schema_info SET version = 2[0m
  [4;36;1mSQL (0.000387)[0m   [0;1mSELECT * FROM schema_info[0m
  [4;35;1mSQL (0.000366)[0m   [0m SELECT name
 FROM sqlite_master
 WHERE type = 'table' AND NOT name = 'sqlite_sequence'
[0m
  [4;36;1mSQL (0.000122)[0m   [0;1mPRAGMA index_list(users)[0m


Processing ApplicationController#index (for 127.0.0.1 at 2008-10-20 21:14:29) [GET]
  Session ID: 9c6f7c9f2c7067322698d866ce32a203
  Parameters: {}


ActionController::RoutingError (No route matches "/sigup" with {:method=>:get}):
    /usr/local/lib/ruby/gems/1.8/gems/actionpack-2.0.2/lib/action_controller/routing.rb:1441:in `recognize_path'
    /usr/local/lib/ruby/gems/1.8/gems/actionpack-2.0.2/lib/action_controller/routing.rb:1424:in `recognize'
    /usr/local/lib/ruby/gems/1.8/gems/actionpack-2.0.2/lib/action_controller/dispatcher.rb:170:in `handle_request'
    /usr/local/lib/ruby/gems/1.8/gems/actionpack-2.0.2/lib/action_controller/dispatcher.rb:115:in `dispatch'
    /usr/local/lib/ruby/gems/1.8/gems/actionpack-2.0.2/lib/action_controller/dispatcher.rb:126:in `dispatch_cgi'
    /usr/local/lib/ruby/gems/1.8/gems/actionpack-2.0.2/lib/action_controller/dispatcher.rb:9:in `dispatch'
    /usr/local/lib/ruby/gems/1.8/gems/mongrel-1.0.1/lib/mongrel/rails.rb:78:in `process'
    /usr/local/lib/ruby/gems/1.8/gems/mongrel-1.0.1/lib/mongrel/rails.rb:76:in `synchronize'
    /usr/local/lib/ruby/gems/1.8/gems/mongrel-1.0.1/lib/mongrel/rails.rb:76:in `process'
    /usr/local/lib/ruby/gems/1.8/gems/mongrel-1.0.1/lib/mongrel.rb:618:in `process_client'
    /usr/local/lib/ruby/gems/1.8/gems/mongrel-1.0.1/lib/mongrel.rb:617:in `each'
    /usr/local/lib/ruby/gems/1.8/gems/mongrel-1.0.1/lib/mongrel.rb:617:in `process_client'
    /usr/local/lib/ruby/gems/1.8/gems/mongrel-1.0.1/lib/mongrel.rb:736:in `run'
    /usr/local/lib/ruby/gems/1.8/gems/mongrel-1.0.1/lib/mongrel.rb:736:in `initialize'
    /usr/local/lib/ruby/gems/1.8/gems/mongrel-1.0.1/lib/mongrel.rb:736:in `new'
    /usr/local/lib/ruby/gems/1.8/gems/mongrel-1.0.1/lib/mongrel.rb:736:in `run'
    /usr/local/lib/ruby/gems/1.8/gems/mongrel-1.0.1/lib/mongrel.rb:720:in `initialize'
    /usr/local/lib/ruby/gems/1.8/gems/mongrel-1.0.1/lib/mongrel.rb:720:in `new'
    /usr/local/lib/ruby/gems/1.8/gems/mongrel-1.0.1/lib/mongrel.rb:720:in `run'
    /usr/local/lib/ruby/gems/1.8/gems/mongrel-1.0.1/lib/mongrel/configurator.rb:271:in `run'
    /usr/local/lib/ruby/gems/1.8/gems/mongrel-1.0.1/lib/mongrel/configurator.rb:270:in `each'
    /usr/local/lib/ruby/gems/1.8/gems/mongrel-1.0.1/lib/mongrel/configurator.rb:270:in `run'
    /usr/local/lib/ruby/gems/1.8/gems/mongrel-1.0.1/bin/mongrel_rails:127:in `run'
    /usr/local/lib/ruby/gems/1.8/gems/mongrel-1.0.1/lib/mongrel/command.rb:211:in `run'
    /usr/local/lib/ruby/gems/1.8/gems/mongrel-1.0.1/bin/mongrel_rails:243
    /usr/local/lib/ruby/gems/1.8/gems/activesupport-2.0.2/lib/active_support/dependencies.rb:489:in `load'
    /usr/local/lib/ruby/gems/1.8/gems/activesupport-2.0.2/lib/active_support/dependencies.rb:489:in `load'
    /usr/local/lib/ruby/gems/1.8/gems/activesupport-2.0.2/lib/active_support/dependencies.rb:342:in `new_constants_in'
    /usr/local/lib/ruby/gems/1.8/gems/activesupport-2.0.2/lib/active_support/dependencies.rb:489:in `load'
    /usr/local/lib/ruby/gems/1.8/gems/rails-2.0.2/lib/commands/servers/mongrel.rb:64
    /usr/local/lib/ruby/site_ruby/1.8/rubygems/custom_require.rb:27:in `gem_original_require'
    /usr/local/lib/ruby/site_ruby/1.8/rubygems/custom_require.rb:27:in `require'
    /usr/local/lib/ruby/gems/1.8/gems/activesupport-2.0.2/lib/active_support/dependencies.rb:496:in `require'
    /usr/local/lib/ruby/gems/1.8/gems/activesupport-2.0.2/lib/active_support/dependencies.rb:342:in `new_constants_in'
    /usr/local/lib/ruby/gems/1.8/gems/activesupport-2.0.2/lib/active_support/dependencies.rb:496:in `require'
    /usr/local/lib/ruby/gems/1.8/gems/rails-2.0.2/lib/commands/server.rb:39
    /usr/local/lib/ruby/site_ruby/1.8/rubygems/custom_require.rb:27:in `gem_original_require'
    /usr/local/lib/ruby/site_ruby/1.8/rubygems/custom_require.rb:27:in `require'
    script/server:3

Rendering /usr/local/lib/ruby/gems/1.8/gems/actionpack-2.0.2/lib/action_controller/templates/rescues/layout.erb (not_found)


Processing ApplicationController#index (for 127.0.0.1 at 2008-10-20 21:14:31) [GET]
  Session ID: BAh7BiIKZmxhc2hJQzonQWN0aW9uQ29udHJvbGxlcjo6Rmxhc2g6OkZsYXNo%0ASGFzaHsABjoKQHVzZWR7AA%3D%3D--cabac5d86caa85df984511a1e73d25fc3ebe5065
  Parameters: {}


ActionController::RoutingError (No route matches "/signu" with {:method=>:get}):
    /usr/local/lib/ruby/gems/1.8/gems/actionpack-2.0.2/lib/action_controller/routing.rb:1441:in `recognize_path'
    /usr/local/lib/ruby/gems/1.8/gems/actionpack-2.0.2/lib/action_controller/routing.rb:1424:in `recognize'
    /usr/local/lib/ruby/gems/1.8/gems/actionpack-2.0.2/lib/action_controller/dispatcher.rb:170:in `handle_request'
    /usr/local/lib/ruby/gems/1.8/gems/actionpack-2.0.2/lib/action_controller/dispatcher.rb:115:in `dispatch'
    /usr/local/lib/ruby/gems/1.8/gems/actionpack-2.0.2/lib/action_controller/dispatcher.rb:126:in `dispatch_cgi'
    /usr/local/lib/ruby/gems/1.8/gems/actionpack-2.0.2/lib/action_controller/dispatcher.rb:9:in `dispatch'
    /usr/local/lib/ruby/gems/1.8/gems/mongrel-1.0.1/lib/mongrel/rails.rb:78:in `process'
    /usr/local/lib/ruby/gems/1.8/gems/mongrel-1.0.1/lib/mongrel/rails.rb:76:in `synchronize'
    /usr/local/lib/ruby/gems/1.8/gems/mongrel-1.0.1/lib/mongrel/rails.rb:76:in `process'
    /usr/local/lib/ruby/gems/1.8/gems/mongrel-1.0.1/lib/mongrel.rb:618:in `process_client'
    /usr/local/lib/ruby/gems/1.8/gems/mongrel-1.0.1/lib/mongrel.rb:617:in `each'
    /usr/local/lib/ruby/gems/1.8/gems/mongrel-1.0.1/lib/mongrel.rb:617:in `process_client'
    /usr/local/lib/ruby/gems/1.8/gems/mongrel-1.0.1/lib/mongrel.rb:736:in `run'
    /usr/local/lib/ruby/gems/1.8/gems/mongrel-1.0.1/lib/mongrel.rb:736:in `initialize'
    /usr/local/lib/ruby/gems/1.8/gems/mongrel-1.0.1/lib/mongrel.rb:736:in `new'
    /usr/local/lib/ruby/gems/1.8/gems/mongrel-1.0.1/lib/mongrel.rb:736:in `run'
    /usr/local/lib/ruby/gems/1.8/gems/mongrel-1.0.1/lib/mongrel.rb:720:in `initialize'
    /usr/local/lib/ruby/gems/1.8/gems/mongrel-1.0.1/lib/mongrel.rb:720:in `new'
    /usr/local/lib/ruby/gems/1.8/gems/mongrel-1.0.1/lib/mongrel.rb:720:in `run'
    /usr/local/lib/ruby/gems/1.8/gems/mongrel-1.0.1/lib/mongrel/configurator.rb:271:in `run'
    /usr/local/lib/ruby/gems/1.8/gems/mongrel-1.0.1/lib/mongrel/configurator.rb:270:in `each'
    /usr/local/lib/ruby/gems/1.8/gems/mongrel-1.0.1/lib/mongrel/configurator.rb:270:in `run'
    /usr/local/lib/ruby/gems/1.8/gems/mongrel-1.0.1/bin/mongrel_rails:127:in `run'
    /usr/local/lib/ruby/gems/1.8/gems/mongrel-1.0.1/lib/mongrel/command.rb:211:in `run'
    /usr/local/lib/ruby/gems/1.8/gems/mongrel-1.0.1/bin/mongrel_rails:243
    /usr/local/lib/ruby/gems/1.8/gems/activesupport-2.0.2/lib/active_support/dependencies.rb:489:in `load'
    /usr/local/lib/ruby/gems/1.8/gems/activesupport-2.0.2/lib/active_support/dependencies.rb:489:in `load'
    /usr/local/lib/ruby/gems/1.8/gems/activesupport-2.0.2/lib/active_support/dependencies.rb:342:in `new_constants_in'
    /usr/local/lib/ruby/gems/1.8/gems/activesupport-2.0.2/lib/active_support/dependencies.rb:489:in `load'
    /usr/local/lib/ruby/gems/1.8/gems/rails-2.0.2/lib/commands/servers/mongrel.rb:64
    /usr/local/lib/ruby/site_ruby/1.8/rubygems/custom_require.rb:27:in `gem_original_require'
    /usr/local/lib/ruby/site_ruby/1.8/rubygems/custom_require.rb:27:in `require'
    /usr/local/lib/ruby/gems/1.8/gems/activesupport-2.0.2/lib/active_support/dependencies.rb:496:in `require'
    /usr/local/lib/ruby/gems/1.8/gems/activesupport-2.0.2/lib/active_support/dependencies.rb:342:in `new_constants_in'
    /usr/local/lib/ruby/gems/1.8/gems/activesupport-2.0.2/lib/active_support/dependencies.rb:496:in `require'
    /usr/local/lib/ruby/gems/1.8/gems/rails-2.0.2/lib/commands/server.rb:39
    /usr/local/lib/ruby/site_ruby/1.8/rubygems/custom_require.rb:27:in `gem_original_require'
    /usr/local/lib/ruby/site_ruby/1.8/rubygems/custom_require.rb:27:in `require'
    script/server:3

Rendering /usr/local/lib/ruby/gems/1.8/gems/actionpack-2.0.2/lib/action_controller/templates/rescues/layout.erb (not_found)


Processing UsersController#new (for 127.0.0.1 at 2008-10-20 21:14:33) [GET]
  Session ID: BAh7BiIKZmxhc2hJQzonQWN0aW9uQ29udHJvbGxlcjo6Rmxhc2g6OkZsYXNo%0ASGFzaHsABjoKQHVzZWR7AA%3D%3D--cabac5d86caa85df984511a1e73d25fc3ebe5065
  Parameters: {"action"=>"new", "controller"=>"users"}
Rendering users/new
Completed in 0.00507 (197 reqs/sec) | Rendering: 0.00275 (54%) | DB: 0.00000 (0%) | 200 OK [http://localhost/signup]


Processing UsersController#new (for 127.0.0.1 at 2008-10-20 21:15:50) [GET]
  Session ID: BAh7BzoMY3NyZl9pZCIlMTU5ZGRjNWEwYmU3M2ZiZTRhMzk0YmVhMzE1YTcz%0AOWYiCmZsYXNoSUM6J0FjdGlvbkNvbnRyb2xsZXI6OkZsYXNoOjpGbGFzaEhh%0Ac2h7AAY6CkB1c2VkewA%3D--190d0501475bbe13c9c5e6a96c621c601ca0080c
  Parameters: {"action"=>"new", "controller"=>"users"}
Rendering users/new
Completed in 0.00474 (211 reqs/sec) | Rendering: 0.00245 (51%) | DB: 0.00000 (0%) | 200 OK [http://localhost/signup]


Processing UsersController#create (for 127.0.0.1 at 2008-10-20 21:16:00) [POST]
  Session ID: BAh7BzoMY3NyZl9pZCIlMTU5ZGRjNWEwYmU3M2ZiZTRhMzk0YmVhMzE1YTcz%0AOWYiCmZsYXNoSUM6J0FjdGlvbkNvbnRyb2xsZXI6OkZsYXNoOjpGbGFzaEhh%0Ac2h7AAY6CkB1c2VkewA%3D--190d0501475bbe13c9c5e6a96c621c601ca0080c
  Parameters: {"user"=>{"password_confirmation"=>"popo", "org"=>"simplesaurus", "login"=>"prtksxna", "password"=>"popo", "email"=>"prtksxna@gmail.com"}, "commit"=>"Sign up", "authenticity_token"=>"28e54a3588ab89e6a8874baa53e46d5c22251eba", "action"=>"create", "controller"=>"users"}
Cookie set: auth_token=; path=/; expires=Thu, 01 Jan 1970 00:00:00 GMT
  [4;36;1mUser Load (0.000229)[0m   [0;1mSELECT * FROM users WHERE (LOWER(users.login) = 'prtksxna') LIMIT 1[0m
  [4;35;1mUser Load (0.000118)[0m   [0mSELECT * FROM users WHERE (LOWER(users.email) = 'prtksxna@gmail.com') LIMIT 1[0m
  [4;36;1mUser Load (0.000114)[0m   [0;1mSELECT * FROM users WHERE (LOWER(users.org) = 'simplesaurus') LIMIT 1[0m
  [4;35;1mUser Create (0.000507)[0m   [0mINSERT INTO users ("salt", "updated_at", "crypted_password", "org", "remember_token_expires_at", "remember_token", "login", "created_at", "email") VALUES('396785375cdf61af83836a2f8a3f6c50c7e19d10', '2008-10-20 21:16:00', 'c42eeac2a83c5e63c854405372943f83e333bf14', 'simplesaurus', NULL, NULL, 'prtksxna', '2008-10-20 21:16:00', 'prtksxna@gmail.com')[0m
Redirected to http://localhost:3000/
Completed in 0.02069 (48 reqs/sec) | DB: 0.00097 (4%) | 302 Found [http://localhost/users]
  [4;36;1mUser Load (0.000866)[0m   [0;1mSELECT * FROM users [0m


Processing UsersController#new (for 127.0.0.1 at 2008-10-20 21:16:19) [GET]
  Session ID: BAh7CToMY3NyZl9pZCIlMTU5ZGRjNWEwYmU3M2ZiZTRhMzk0YmVhMzE1YTcz%0AOWY6DnJldHVybl90bzA6DHVzZXJfaWRpBiIKZmxhc2hJQzonQWN0aW9uQ29u%0AdHJvbGxlcjo6Rmxhc2g6OkZsYXNoSGFzaHsGOgtub3RpY2UiG1RoYW5rcyBm%0Ab3Igc2lnbmluZyB1cCEGOgpAdXNlZHsGOwlU--c6b2479b662b315ce504582dfe4e25072abc3e7a
  Parameters: {"action"=>"new", "controller"=>"users"}
Rendering users/new
Completed in 0.00390 (256 reqs/sec) | Rendering: 0.00152 (38%) | DB: 0.00000 (0%) | 200 OK [http://localhost/signup]


Processing UsersController#create (for 127.0.0.1 at 2008-10-20 21:16:33) [POST]
  Session ID: BAh7CToMY3NyZl9pZCIlMTU5ZGRjNWEwYmU3M2ZiZTRhMzk0YmVhMzE1YTcz%0AOWY6DnJldHVybl90bzA6DHVzZXJfaWRpBiIKZmxhc2hJQzonQWN0aW9uQ29u%0AdHJvbGxlcjo6Rmxhc2g6OkZsYXNoSGFzaHsABjoKQHVzZWR7AA%3D%3D--4cad6f9316d683af8c6431d7e1c44f3f9f920f98
  Parameters: {"user"=>{"password_confirmation"=>"popo", "org"=>"design democracy", "login"=>"pooja", "password"=>"popo", "email"=>"anexa@gmail.com"}, "commit"=>"Sign up", "authenticity_token"=>"28e54a3588ab89e6a8874baa53e46d5c22251eba", "action"=>"create", "controller"=>"users"}
Cookie set: auth_token=; path=/; expires=Thu, 01 Jan 1970 00:00:00 GMT
  [4;36;1mUser Load (0.000223)[0m   [0;1mSELECT * FROM users WHERE (LOWER(users.login) = 'pooja') LIMIT 1[0m
  [4;35;1mUser Load (0.000122)[0m   [0mSELECT * FROM users WHERE (LOWER(users.email) = 'anexa@gmail.com') LIMIT 1[0m
  [4;36;1mUser Load (0.000120)[0m   [0;1mSELECT * FROM users WHERE (LOWER(users.org) = 'designdemocracy') LIMIT 1[0m
  [4;35;1mUser Create (0.000396)[0m   [0mINSERT INTO users ("salt", "updated_at", "crypted_password", "org", "remember_token_expires_at", "remember_token", "login", "created_at", "email") VALUES('2a949a035d29434b8522ea445a2c8afbf8acb26d', '2008-10-20 21:16:33', '681d37486f4efa796b490a43ce39b103cc494cab', 'designdemocracy', NULL, NULL, 'pooja', '2008-10-20 21:16:33', 'anexa@gmail.com')[0m
Redirected to http://localhost:3000/
Completed in 0.01737 (57 reqs/sec) | DB: 0.00086 (4%) | 302 Found [http://localhost/users]
  [4;35;1mUser Load (0.000959)[0m   [0mSELECT * FROM users [0m
